{
	"shyUnpromptedOralVoreBefore": ":missingDialogue",
	"defaultUnpromptedOralVoreAfter": ":missingDialogue",
	"shyUnpromptedOralVoreAfter": ":missingDialogue",
	"shytNotFeelingIt": ":missingDialogue",
	"defaultTooSmall": ":missingDialogue",
	"shyTooSmall": ":missingDialogue",
	"flirtyTooSmall": ":missingDialogue",
	"compressionOralVoreFull": ":missingDialogue",
	"shyCompressionOralVoreFull": ":missingDialogue",
	"flirtyCompressionOralVoreFull": ":missingDialogue",
	"shyFull": ":missingDialogue",
	"flirtyFull": ":missingDialogue",
	"shytNeedsInfusion": ":missingDialogue",
	"flirtytNeedsInfusion": ":missingDialogue",
	"shyUnpromptedAnalVoreBefore": ":missingDialogue",
	"flirtyUnpromptedAnalVoreBefore": ":missingDialogue",
	"flirtyUnpromptedAnalVoreAfter": ":missingDialogue",
	"defaultSelfRequestAnalVore": ":missingDialogue",
	"shySelfRequestAnalVore": ":missingDialogue",
	"flirtySelfRequestAnalVore": ":missingDialogue",
	"defaultSelfRequestAnalVoreYes": ":missingDialogue",
	"shySelfRequestAnalVoreYes": ":missingDialogue",
	"flirtySelfRequestAnalVoreYes": ":missingDialogue",
	"defaultSelfRequestAnalVoreYesAfter": ":missingDialogue",
	"shySelfRequestAnalVoreYesAfter": ":missingDialogue",
	"defaultSelfRequestAnalVoreNo": ":missingDialogue",
	"shySelfRequestAnalVoreNo": ":missingDialogue",
	"flirtySelfRequestAnalVoreNo": ":missingDialogue",
	"defaultSelfRequestAnalVoreNoYes": ":missingDialogue",
	"shySelfRequestAnalVoreNoYes": ":missingDialogue",
	"flirtySelfRequestAnalVoreNoYes": ":missingDialogue",
	"defaultSelfRequestAnalVoreNoYesAfter": ":missingDialogue",
	"shySelfRequestAnalVoreNoYesAfter": ":missingDialogue",
	"defaultAnalVoreFull": ":missingDialogue",
	"digestAnalVoreFull": ":missingDialogue",
	"compressionAnalVoreFull": ":missingDialogue",
	"shyCompressionAnalVoreFull": ":missingDialogue",
	"flirtyCompressionAnalVoreFull": ":missingDialogue",
	"defaultRequestTailVoreBefore": ":missingDialogue",
	"shyRequestTailVoreBefore": ":missingDialogue",
	"flirtyRequestTailVoreBefore": ":missingDialogue",
	"defaultRequestTailVoreAfter": ":missingDialogue",
	"shyRequestTailVoreAfter": ":missingDialogue",
	"flirtyRequestTailVoreAfter": ":missingDialogue",
	"defaultUnpromptedTailVoreBefore": ":missingDialogue",
	"shyUnpromptedTailVoreBefore": ":missingDialogue",
	"flirtyUnpromptedTailVoreBefore": ":missingDialogue",
	"defaultUnpromptedTailVoreAfter": ":missingDialogue",
	"shyUnpromptedTailVoreAfter": ":missingDialogue",
	"flirtyUnpromptedTailVoreAfter": ":missingDialogue",
	"defaultSelfRequestTailVore": ":missingDialogue",
	"shySelfRequestTailVore": ":missingDialogue",
	"flirtySelfRequestTailVore": ":missingDialogue",
	"defaultSelfRequestTailVoreYes": ":missingDialogue",
	"shySelfRequestTailVoreYes": ":missingDialogue",
	"flirtySelfRequestTailVoreYes": ":missingDialogue",
	"defaultSelfRequestTailVoreYesAfter": ":missingDialogue",
	"shySelfRequestTailVoreYesAfter": ":missingDialogue",
	"defaultSelfRequestTailVoreNo": ":missingDialogue",
	"shySelfRequestTailVoreNo": ":missingDialogue",
	"flirtySelfRequestTailVoreNo": ":missingDialogue",
	"defaultSelfRequestTailVoreNoYes": ":missingDialogue",
	"shySelfRequestTailVoreNoYes": ":missingDialogue",
	"flirtySelfRequestTailVoreNoYes": ":missingDialogue",
	"defaultSelfRequestTailVoreNoYesAfter": ":missingDialogue",
	"shySelfRequestTailVoreNoYesAfter": ":missingDialogue",
	"defaultTailVoreFull": ":missingDialogue",
	"digestTailVoreFull": ":missingDialogue",
	"compressionTailVoreFull": ":missingDialogue",
	"shyCompressionTailVoreFull": ":missingDialogue",
	"flirtyCompressionTailVoreFull": ":missingDialogue",
	"shyRequestNavelVoreBefore": ":missingDialogue",
	"flirtyRequestNavelVoreBefore": ":missingDialogue",
	"shyRequestNavelVoreAfter": ":missingDialogue",
	"flirtyRequestNavelVoreAfter": ":missingDialogue",
	"shyUnpromptedNavelVoreBefore": ":missingDialogue",
	"flirtyUnpromptedNavelVoreBefore": ":missingDialogue",
	"shyUnpromptedNavelVoreAfter": ":missingDialogue",
	"flirtyUnpromptedNavelVoreAfter": ":missingDialogue",
	"defaultSelfRequestNavelVore": ":missingDialogue",
	"shySelfRequestNavelVore": ":missingDialogue",
	"flirtySelfRequestNavelVore": ":missingDialogue",
	"defaultSelfRequestNavelVoreYes": ":missingDialogue",
	"shySelfRequestNavelVoreYes": ":missingDialogue",
	"flirtySelfRequestNavelVoreYes": ":missingDialogue",
	"defaultSelfRequestNavelVoreYesAfter": ":missingDialogue",
	"shySelfRequestNavelVoreYesAfter": ":missingDialogue",
	"defaultSelfRequestNavelVoreNo": ":missingDialogue",
	"shySelfRequestNavelVoreNo": ":missingDialogue",
	"flirtySelfRequestNavelVoreNo": ":missingDialogue",
	"defaultSelfRequestNavelVoreNoYes": ":missingDialogue",
	"shySelfRequestNavelVoreNoYes": ":missingDialogue",
	"flirtySelfRequestNavelVoreNoYes": ":missingDialogue",
	"defaultSelfRequestNavelVoreNoYesAfter": ":missingDialogue",
	"shySelfRequestNavelVoreNoYesAfter": ":missingDialogue",
	"defaultNavelVoreFull": ":missingDialogue",
	"digestNavelVoreFull": ":missingDialogue",
	"compressionNavelVoreFull": ":missingDialogue",
	"shyCompressionNavelVoreFull": ":missingDialogue",
	"flirtyCompressionNavelVoreFull": ":missingDialogue",
	"defaultRequestAbsorbVoreBefore": ":missingDialogue",
	"shyRequestAbsorbVoreBefore": ":missingDialogue",
	"flirtyRequestAbsorbVoreBefore": ":missingDialogue",
	"defaultRequestAbsorbVoreAfter": ":missingDialogue",
	"shyRequestAbsorbVoreAfter": ":missingDialogue",
	"flirtyRequestAbsorbVoreAfter": ":missingDialogue",
	"defaultUnpromptedAbsorbVoreBefore": ":missingDialogue",
	"shyUnpromptedAbsorbVoreBefore": ":missingDialogue",
	"flirtyUnpromptedAbsorbVoreBefore": ":missingDialogue",
	"defaultUnpromptedAbsorbVoreAfter": ":missingDialogue",
	"shyUnpromptedAbsorbVoreAfter": ":missingDialogue",
	"flirtyUnpromptedAbsorbVoreAfter": ":missingDialogue",
	"defaultSelfRequestAbsorbVore": ":missingDialogue",
	"shySelfRequestAbsorbVore": ":missingDialogue",
	"flirtySelfRequestAbsorbVore": ":missingDialogue",
	"defaultSelfRequestAbsorbVoreYes": ":missingDialogue",
	"shySelfRequestAbsorbVoreYes": ":missingDialogue",
	"flirtySelfRequestAbsorbVoreYes": ":missingDialogue",
	"defaultSelfRequestAbsorbVoreYesAfter": ":missingDialogue",
	"shySelfRequestAbsorbVoreYesAfter": ":missingDialogue",
	"defaultSelfRequestAbsorbVoreNo": ":missingDialogue",
	"shySelfRequestAbsorbVoreNo": ":missingDialogue",
	"flirtySelfRequestAbsorbVoreNo": ":missingDialogue",
	"defaultSelfRequestAbsorbVoreNoYes": ":missingDialogue",
	"shySelfRequestAbsorbVoreNoYes": ":missingDialogue",
	"flirtySelfRequestAbsorbVoreNoYes": ":missingDialogue",
	"defaultSelfRequestAbsorbVoreNoYesAfter": ":missingDialogue",
	"shySelfRequestAbsorbVoreNoYesAfter": ":missingDialogue",
	"defaultAbsorbVoreFull": ":missingDialogue",
	"digestAbsorbVoreFull": ":missingDialogue",
	"compressionAbsorbVoreFull": ":missingDialogue",
	"shyCompressionAbsorbVoreFull": ":missingDialogue",
	"flirtyCompressionAbsorbVoreFull": ":missingDialogue",
	"flirtyUnpromptedCockVoreAfter": ":missingDialogue",
	"defaultSelfRequestCockVore": ":missingDialogue",
	"shySelfRequestCockVore": ":missingDialogue",
	"flirtySelfRequestCockVore": ":missingDialogue",
	"defaultSelfRequestCockVoreYes": ":missingDialogue",
	"shySelfRequestCockVoreYes": ":missingDialogue",
	"flirtySelfRequestCockVoreYes": ":missingDialogue",
	"defaultSelfRequestCockVoreYesAfter": ":missingDialogue",
	"shySelfRequestCockVoreYesAfter": ":missingDialogue",
	"defaultSelfRequestCockVoreNo": ":missingDialogue",
	"shySelfRequestCockVoreNo": ":missingDialogue",
	"flirtySelfRequestCockVoreNo": ":missingDialogue",
	"defaultSelfRequestCockVoreNoYes": ":missingDialogue",
	"shySelfRequestCockVoreNoYes": ":missingDialogue",
	"flirtySelfRequestCockVoreNoYes": ":missingDialogue",
	"defaultSelfRequestCockVoreNoYesAfter": ":missingDialogue",
	"shySelfRequestCockVoreNoYesAfter": ":missingDialogue",
	"digestCockVoreFull": ":missingDialogue",
	"compressionCockVoreFull": ":missingDialogue",
	"shyCompressionCockVoreFull": ":missingDialogue",
	"flirtyCompressionCockVoreFull": ":missingDialogue",
	"flirtyUnpromptedUnbirthAfter": ":missingDialogue",
	"defaultSelfRequestUnbirth": ":missingDialogue",
	"shySelfRequestUnbirth": ":missingDialogue",
	"flirtySelfRequestUnbirth": ":missingDialogue",
	"defaultSelfRequestUnbirthYes": ":missingDialogue",
	"shySelfRequestUnbirthYes": ":missingDialogue",
	"flirtySelfRequestUnbirthYes": ":missingDialogue",
	"defaultSelfRequestUnbirthYesAfter": ":missingDialogue",
	"shySelfRequestUnbirthYesAfter": ":missingDialogue",
	"defaultSelfRequestUnbirthNo": ":missingDialogue",
	"shySelfRequestUnbirthNo": ":missingDialogue",
	"flirtySelfRequestUnbirthNo": ":missingDialogue",
	"defaultSelfRequestUnbirthNoYes": ":missingDialogue",
	"shySelfRequestUnbirthNoYes": ":missingDialogue",
	"flirtySelfRequestUnbirthNoYes": ":missingDialogue",
	"defaultSelfRequestUnbirthNoYesAfter": ":missingDialogue",
	"shySelfRequestUnbirthNoYesAfter": ":missingDialogue",
	"digestUnbirthFull": ":missingDialogue",
	"compressionUnbirthFull": ":missingDialogue",
	"shyCompressionUnbirthFull": ":missingDialogue",
	"flirtyCompressionUnbirthFull": ":missingDialogue",
	"shyUnpromptedBreastVoreAfter": ":missingDialogue",
	"defaultSelfRequestBreastVore": ":missingDialogue",
	"shySelfRequestBreastVore": ":missingDialogue",
	"flirtySelfRequestBreastVore": ":missingDialogue",
	"defaultSelfRequestBreastVoreYes": ":missingDialogue",
	"shySelfRequestBreastVoreYes": ":missingDialogue",
	"flirtySelfRequestBreastVoreYes": ":missingDialogue",
	"defaultSelfRequestBreastVoreYesAfter": ":missingDialogue",
	"shySelfRequestBreastVoreYesAfter": ":missingDialogue",
	"defaultSelfRequestBreastVoreNo": ":missingDialogue",
	"shySelfRequestBreastVoreNo": ":missingDialogue",
	"flirtySelfRequestBreastVoreNo": ":missingDialogue",
	"defaultSelfRequestBreastVoreNoYes": ":missingDialogue",
	"shySelfRequestBreastVoreNoYes": ":missingDialogue",
	"flirtySelfRequestBreastVoreNoYes": ":missingDialogue",
	"defaultSelfRequestBreastVoreNoYesAfter": ":missingDialogue",
	"shySelfRequestBreastVoreNoYesAfter": ":missingDialogue",
	"digestBreastVoreFull": ":missingDialogue",
	"compressionBreastVoreFull": ":missingDialogue",
	"shyCompressionBreastVoreFull": ":missingDialogue",
	"flirtyCompressionBreastVoreFull": ":missingDialogue",
	"compressionStruggle": ":missingDialogue",
	"energyDrainStruggle": ":missingDialogue",
	"eggifyStruggleImmune": ":missingDialogue",
	"wombDefaultStruggle": ":missingDialogue",
	"wombDigestStruggleImmune": ":missingDialogue",
	"wombHealStruggle": ":missingDialogue",
	"wombCompressionStruggle": ":missingDialogue",
	"wombEnergyDrainStruggle": ":missingDialogue",
	"shaftDefaultStruggle": ":missingDialogue",
	"shaftDigestStruggleImmune": ":missingDialogue",
	"shaftHealStruggle": ":missingDialogue",
	"shaftCompressionStruggle": ":missingDialogue",
	"shaftEnergyDrainStruggle": ":missingDialogue",
	"ballsDigestStruggle": ":missingDialogue",
	"ballsDigestStruggleImmune": ":missingDialogue",
	"ballsHealStruggle": ":missingDialogue",
	"ballsCompressionStruggle": ":missingDialogue",
	"ballsEnergyDrainStruggle": ":missingDialogue",
	"breastsDigestStruggleImmune": ":missingDialogue",
	"breastsCompressionStruggle": ":missingDialogue",
	"breastsEnergyDrainStruggle": ":missingDialogue",
	"letoutTransformingImmune": ":missingDialogue",
	"letoutStruggleEggifyImmune": ":missingDialogue",
	"letoutAnalVoreStruggle": ":missingDialogue",
	"letoutAnalVoreStruggleDigest": ":missingDialogue",
	"letoutAnalVoreStruggleDigestImmune": ":missingDialogue",
	"letoutAnalVoreStruggleSoftDigest": ":missingDialogue",
	"letoutAnalVoreStruggleHeal": ":missingDialogue",
	"letoutTailVoreStruggle": ":missingDialogue",
	"letoutTailVoreStruggleDigest": ":missingDialogue",
	"letoutTailVoreStruggleDigestImmune": ":missingDialogue",
	"letoutTailVoreStruggleSoftDigest": ":missingDialogue",
	"letoutTailVoreStruggleHeal": ":missingDialogue",
	"letoutNavelVoreStruggle": ":missingDialogue",
	"letoutNavelVoreStruggleDigest": ":missingDialogue",
	"letoutNavelVoreStruggleDigestImmune": ":missingDialogue",
	"letoutNavelVoreStruggleSoftDigest": ":missingDialogue",
	"letoutNavelVoreStruggleHeal": ":missingDialogue",
	"letoutAbsorbVoreStruggle": ":missingDialogue",
	"letoutAbsorbVoreStruggleDigest": ":missingDialogue",
	"letoutAbsorbVoreStruggleDigestImmune": ":missingDialogue",
	"letoutAbsorbVoreStruggleSoftDigest": ":missingDialogue",
	"letoutAbsorbVoreStruggleHeal": ":missingDialogue",
	"letoutCockVoreStruggleDigest": ":missingDialogue",
	"letoutCockVoreStruggleDigestImmune": ":missingDialogue",
	"letoutCockVoreStruggleSoftDigest": ":missingDialogue",
	"letoutCockVoreStruggleHeal": ":missingDialogue",
	"letoutUnbirthStruggleDigest": ":missingDialogue",
	"letoutUnbirthStruggleDigestImmune": ":missingDialogue",
	"letoutUnbirthStruggleSoftDigest": ":missingDialogue",
	"letoutUnbirthStruggleHeal": ":missingDialogue",
	"letoutBreastVoreStruggle": ":missingDialogue",
	"letoutBreastVoreStruggleDigest": ":missingDialogue",
	"letoutBreastVoreStruggleDigestImmune": ":missingDialogue",
	"letoutBreastVoreStruggleSoftDigest": ":missingDialogue",
	"letoutBreastVoreStruggleHeal": ":missingDialogue",
	"letoutOralVoreSoftDigest": ":missingDialogue",
	"letoutTransforming": ":missingDialogue",
	"letoutEggify": ":missingDialogue",
	"letoutEggifyImmune": ":missingDialogue",
	"letoutAnalVore": ":missingDialogue",
	"letoutAnalVoreDigest": ":missingDialogue",
	"letoutAnalVoreDigestImmune": ":missingDialogue",
	"letoutAnalVoreSoftDigest": ":missingDialogue",
	"letoutAnalVoreHeal": ":missingDialogue",
	"letoutTailVore": ":missingDialogue",
	"letoutTailVoreDigest": ":missingDialogue",
	"letoutTailVoreDigestImmune": ":missingDialogue",
	"letoutTailVoreSoftDigest": ":missingDialogue",
	"letoutTailVoreHeal": ":missingDialogue",
	"letoutNavelVore": ":missingDialogue",
	"letoutNavelVoreDigest": ":missingDialogue",
	"letoutNavelVoreDigestImmune": ":missingDialogue",
	"letoutNavelVoreSoftDigest": ":missingDialogue",
	"letoutNavelVoreHeal": ":missingDialogue",
	"letoutAbsorbVore": ":missingDialogue",
	"letoutAbsorbVoreDigest": ":missingDialogue",
	"letoutAbsorbVoreDigestImmune": ":missingDialogue",
	"letoutAbsorbVoreSoftDigest": ":missingDialogue",
	"letoutAbsorbVoreHeal": ":missingDialogue",
	"letoutCockVoreDigest": ":missingDialogue",
	"letoutCockVoreDigestImmune": ":missingDialogue",
	"letoutCockVoreSoftDigest": ":missingDialogue",
	"letoutCockVoreHeal": ":missingDialogue",
	"letoutUnbirthDigest": ":missingDialogue",
	"letoutUnbirthDigestImmune": ":missingDialogue",
	"letoutUnbirthSoftDigest": ":missingDialogue",
	"letoutUnbirthHeal": ":missingDialogue",
	"letoutBreastVore": ":missingDialogue",
	"letoutBreastVoreDigest": ":missingDialogue",
	"letoutBreastVoreDigestImmune": ":missingDialogue",
	"letoutBreastVoreSoftDigest": ":missingDialogue",
	"letoutBreastVoreHeal": ":missingDialogue",
	"strugglingEnergyDrain": ":missingDialogue",
	"strugglingBellyCompression": ":missingDialogue",
	"strugglingBellyEnergyDrain": ":missingDialogue",
	"strugglingBellyTransforming": ":missingDialogue",
	"strugglingTransformingImmune": ":missingDialogue",
	"strugglingBellyEggify": ":missingDialogue",
	"strugglingEggifyImmune": ":missingDialogue",
	"strugglingTail": ":missingDialogue",
	"strugglingTailDigest": ":missingDialogue",
	"strugglingTailDigestImmune": ":missingDialogue",
	"strugglingTailHeal": ":missingDialogue",
	"strugglingTailCompression": ":missingDialogue",
	"strugglingTailEnergyDrain": ":missingDialogue",
	"strugglingTailTransforming": ":missingDialogue",
	"strugglingTailEggify": ":missingDialogue",
	"strugglingWombDigest": ":missingDialogue",
	"strugglingWombDigestImmune": ":missingDialogue",
	"strugglingWombHeal": ":missingDialogue",
	"strugglingWombCompression": ":missingDialogue",
	"strugglingWombEnergyDrain": ":missingDialogue",
	"strugglingShaftDigest": ":missingDialogue",
	"strugglingShaftDigestImmune": ":missingDialogue",
	"strugglingShaftHeal": ":missingDialogue",
	"strugglingShaftCompression": ":missingDialogue",
	"strugglingShaftEnergyDrain": ":missingDialogue",
	"strugglingShaftTransforming": ":missingDialogue",
	"strugglingShaftEggify": ":missingDialogue",
	"strugglingBallsDigest": ":missingDialogue",
	"strugglingBallsDigestImmune": ":missingDialogue",
	"strugglingBallsHeal": ":missingDialogue",
	"strugglingBallsCompression": ":missingDialogue",
	"strugglingBallsEnergyDrain": ":missingDialogue",
	"strugglingBallsEggify": ":missingDialogue",
	"strugglingBreastsCompression": ":missingDialogue",
	"strugglingBreastsEnergyDrain": ":missingDialogue",
	"strugglingBreastsTransforming": ":missingDialogue",
	"voredOralVoreWilling": ":missingDialogue",
	"voredAnalVoreWilling": ":missingDialogue",
	"voredTailVoreWilling": ":missingDialogue",
	"voredNavelVoreWilling": ":missingDialogue",
	"voredAbsorbVoreWilling": ":missingDialogue",
	"voredCockVoreWilling": ":missingDialogue",
	"voredUnbirthWilling": ":missingDialogue",
	"voredBreastVoreWilling": ":missingDialogue",
	"voredOralVore": ":missingDialogue",
	"voredAnalVore": ":missingDialogue",
	"voredTailVore": ":missingDialogue",
	"voredNavelVore": ":missingDialogue",
	"voredAbsorbVore": ":missingDialogue",
	"voredUnbirth": ":missingDialogue",
	"voredBreastVore": ":missingDialogue",
	"escapeOralVoreStruggle": ":missingDialogue",
	"escapeOralVoreStruggleDigest": ":missingDialogue",
	"escapeOralVoreStruggleDigestImmune": ":missingDialogue",
	"escapeOralVoreStruggleSoftDigest": ":missingDialogue",
	"escapeOralVoreStruggleHeal": ":missingDialogue",
	"escapeStruggleTransforming": ":missingDialogue",
	"escapeStruggleTransformingImmune": ":missingDialogue",
	"escapeStruggleEggify": ":missingDialogue",
	"escapeStruggleEggifyImmune": ":missingDialogue",
	"escapeAnalVoreStruggle": ":missingDialogue",
	"escapeAnalVoreStruggleDigest": ":missingDialogue",
	"escapeAnalVoreStruggleDigestImmune": ":missingDialogue",
	"escapeAnalVoreStruggleSoftDigest": ":missingDialogue",
	"escapeAnalVoreStruggleHeal": ":missingDialogue",
	"escapeTailVoreStruggle": ":missingDialogue",
	"escapeTailVoreStruggleDigest": ":missingDialogue",
	"escapeTailVoreStruggleDigestImmune": ":missingDialogue",
	"escapeTailVoreStruggleSoftDigest": ":missingDialogue",
	"escapeTailVoreStruggleHeal": ":missingDialogue",
	"escapeNavelVoreStruggle": ":missingDialogue",
	"escapeNavelVoreStruggleDigest": ":missingDialogue",
	"escapeNavelVoreStruggleDigestImmune": ":missingDialogue",
	"escapeNavelVoreStruggleSoftDigest": ":missingDialogue",
	"escapeNavelVoreStruggleHeal": ":missingDialogue",
	"escapeAbsorbVoreStruggle": ":missingDialogue",
	"escapeAbsorbVoreStruggleDigest": ":missingDialogue",
	"escapeAbsorbVoreStruggleDigestImmune": ":missingDialogue",
	"escapeAbsorbVoreStruggleSoftDigest": ":missingDialogue",
	"escapeAbsorbVoreStruggleHeal": ":missingDialogue",
	"escapeCockVoreStruggle": ":missingDialogue",
	"escapeCockVoreStruggleDigest": ":missingDialogue",
	"escapeCockVoreStruggleDigestImmune": ":missingDialogue",
	"escapeCockVoreStruggleSoftDigest": ":missingDialogue",
	"escapeCockVoreStruggleHeal": ":missingDialogue",
	"escapeUnbirthStruggle": ":missingDialogue",
	"escapeUnbirthStruggleDigest": ":missingDialogue",
	"escapeUnbirthStruggleDigestImmune": ":missingDialogue",
	"escapeUnbirthStruggleSoftDigest": ":missingDialogue",
	"escapeUnbirthStruggleHeal": ":missingDialogue",
	"escapeBreastVoreStruggle": ":missingDialogue",
	"escapeBreastVoreStruggleDigest": ":missingDialogue",
	"escapeBreastVoreStruggleDigestImmune": ":missingDialogue",
	"escapeBreastVoreStruggleSoftDigest": ":missingDialogue",
	"escapeBreastVoreStruggleHeal": ":missingDialogue",
	"escapeOralVore": ":missingDialogue",
	"escapeOralVoreDigest": ":missingDialogue",
	"escapeOralVoreDigestImmune": ":missingDialogue",
	"escapeOralVoreSoftDigest": ":missingDialogue",
	"escapeOralVoreHeal": ":missingDialogue",
	"escapeTransforming": ":missingDialogue",
	"escapeTransformingImmune": ":missingDialogue",
	"escapeEggify": ":missingDialogue",
	"escapeEggifyImmune": ":missingDialogue",
	"escapeAnalVore": ":missingDialogue",
	"escapeAnalVoreDigest": ":missingDialogue",
	"escapeAnalVoreDigestImmune": ":missingDialogue",
	"escapeAnalVoreSoftDigest": ":missingDialogue",
	"escapeAnalVoreHeal": ":missingDialogue",
	"escapeTailVore": ":missingDialogue",
	"escapeTailVoreDigest": ":missingDialogue",
	"escapeTailVoreDigestImmune": ":missingDialogue",
	"escapeTailVoreSoftDigest": ":missingDialogue",
	"escapeTailVoreHeal": ":missingDialogue",
	"escapeNavelVore": ":missingDialogue",
	"escapeNavelVoreDigest": ":missingDialogue",
	"escapeNavelVoreDigestImmune": ":missingDialogue",
	"escapeNavelVoreSoftDigest": ":missingDialogue",
	"escapeNavelVoreHeal": ":missingDialogue",
	"escapeAbsorbVore": ":missingDialogue",
	"escapeAbsorbVoreDigest": ":missingDialogue",
	"escapeAbsorbVoreDigestImmune": ":missingDialogue",
	"escapeAbsorbVoreSoftDigest": ":missingDialogue",
	"escapeAbsorbVoreHeal": ":missingDialogue",
	"escapeCockVore": ":missingDialogue",
	"escapeCockVoreDigest": ":missingDialogue",
	"escapeCockVoreDigestImmune": ":missingDialogue",
	"escapeCockVoreSoftDigest": ":missingDialogue",
	"escapeCockVoreHeal": ":missingDialogue",
	"escapeUnbirth": ":missingDialogue",
	"escapeUnbirthDigest": ":missingDialogue",
	"escapeUnbirthDigestImmune": ":missingDialogue",
	"escapeUnbirthSoftDigest": ":missingDialogue",
	"escapeUnbirthHeal": ":missingDialogue",
	"escapeBreastVore": ":missingDialogue",
	"escapeBreastVoreDigest": ":missingDialogue",
	"escapeBreastVoreDigestImmune": ":missingDialogue",
	"escapeBreastVoreSoftDigest": ":missingDialogue",
	"escapeBreastVoreHeal": ":missingDialogue",
	"infuseRequestBellyAfterLayer": ":missingDialogue",
	"infuseUnpromptedBellyBeforeLayer": ":missingDialogue",
	"infuseUnpromptedBellyAfter": ":missingDialogue",
	"infuseUnpromptedBellyAfterLayer": ":missingDialogue",
	"infuseSelfRequestBellyBefore": ":missingDialogue",
	"infuseSelfRequestBellyBeforeLayer": ":missingDialogue",
	"infuseSelfRequestBellyAfter": ":missingDialogue",
	"infuseSelfRequestBellyAfterLayer": ":missingDialogue",
	"infuseRequestTailBefore": ":missingDialogue",
	"infuseRequestTailBeforeLayer": ":missingDialogue",
	"infuseRequestTailAfter": ":missingDialogue",
	"infuseRequestTailAfterLayer": ":missingDialogue",
	"infuseUnpromptedTailBefore": ":missingDialogue",
	"infuseUnpromptedTailBeforeLayer": ":missingDialogue",
	"infuseUnpromptedTailAfter": ":missingDialogue",
	"infuseUnpromptedTailAfterLayer": ":missingDialogue",
	"infuseSelfRequestTailBefore": ":missingDialogue",
	"infuseSelfRequestTailBeforeLayer": ":missingDialogue",
	"infuseSelfRequestTailAfter": ":missingDialogue",
	"infuseSelfRequestTailAfterLayer": ":missingDialogue",
	"infuseRequestBreastsBeforeLayer": ":missingDialogue",
	"infuseRequestBreastsAfterLayer": ":missingDialogue",
	"infuseUnpromptedBreastsBeforeLayer": ":missingDialogue",
	"infuseUnpromptedBreastsAfterLayer": ":missingDialogue",
	"infuseSelfRequestBreastsBefore": ":missingDialogue",
	"infuseSelfRequestBreastsBeforeLayer": ":missingDialogue",
	"infuseSelfRequestBreastsAfter": ":missingDialogue",
	"infuseSelfRequestBreastsAfterLayer": ":missingDialogue",
	"infuseRequestPussyBeforeLayer": ":missingDialogue",
	"infuseRequestPussyAfterLayer": ":missingDialogue",
	"infuseUnpromptedPussyBeforeLayer": ":missingDialogue",
	"infuseUnpromptedPussyAfterLayer": ":missingDialogue",
	"infuseSelfRequestPussyBefore": ":missingDialogue",
	"infuseSelfRequestPussyBeforeLayer": ":missingDialogue",
	"infuseSelfRequestPussyAfter": ":missingDialogue",
	"infuseSelfRequestPussyAfterLayer": ":missingDialogue",
	"infuseUnpromptedShaftBeforeLayer": ":missingDialogue",
	"infuseUnpromptedShaftAfterLayer": ":missingDialogue",
	"infuseSelfRequestShaftBefore": ":missingDialogue",
	"infuseSelfRequestShaftBeforeLayer": ":missingDialogue",
	"infuseSelfRequestShaftAfter": ":missingDialogue",
	"infuseSelfRequestShaftAfterLayer": ":missingDialogue",
	"infuseRequestBallsBefore": ":missingDialogue",
	"infuseRequestBallsBeforeLayer": ":missingDialogue",
	"infuseRequestBallsAfter": ":missingDialogue",
	"infuseRequestBallsAfterLayer": ":missingDialogue",
	"infuseUnpromptedBallsBefore": ":missingDialogue",
	"infuseUnpromptedBallsBeforeLayer": ":missingDialogue",
	"infuseUnpromptedBallsAfter": ":missingDialogue",
	"infuseUnpromptedBallsAfterLayer": ":missingDialogue",
	"infuseSelfRequestBallsBefore": ":missingDialogue",
	"infuseSelfRequestBallsBeforeLayer": ":missingDialogue",
	"infuseSelfRequestBallsAfter": ":missingDialogue",
	"infuseSelfRequestBallsAfterLayer": ":missingDialogue",
	"infusedTail": ":missingDialogue",
	"teaseInfusedTail": ":missingDialogue"
}
